{"C:\\Users\\e040063\\casestudy3\\new_service_provisioning_system\\server\\config.js": {"path":"C:\\Users\\e040063\\casestudy3\\new_service_provisioning_system\\server\\config.js","statementMap":{"0":{"start":{"line":2,"column":15},"end":{"line":24,"column":3}}},"fnMap":{},"branchMap":{"0":{"loc":{"start":{"line":26,"column":24},"end":{"line":26,"column":61}},"type":"binary-expr","locations":[{"start":{"line":26,"column":24},"end":{"line":26,"column":44}},{"start":{"line":26,"column":48},"end":{"line":26,"column":61}}],"line":26}},"s":{"0":1},"f":{},"b":{"0":[1,0]},"_coverageSchema":"1a1c01bbd47fc00a2c39e90264f33305004495a9","hash":"d97cfdf8b09749d839de507189707a7d48600e65"}
,"C:\\Users\\e040063\\casestudy3\\new_service_provisioning_system\\server\\sequelize.js": {"path":"C:\\Users\\e040063\\casestudy3\\new_service_provisioning_system\\server\\sequelize.js","statementMap":{"0":{"start":{"line":5,"column":18},"end":{"line":8,"column":2}}},"fnMap":{},"branchMap":{},"s":{"0":1},"f":{},"b":{},"_coverageSchema":"1a1c01bbd47fc00a2c39e90264f33305004495a9","hash":"56fb188a0cda9ba0b304aedb3b2f665fed2f9735"}
,"C:\\Users\\e040063\\casestudy3\\new_service_provisioning_system\\server\\models\\Archive.js": {"path":"C:\\Users\\e040063\\casestudy3\\new_service_provisioning_system\\server\\models\\Archive.js","statementMap":{"0":{"start":{"line":4,"column":16},"end":{"line":27,"column":2}}},"fnMap":{},"branchMap":{},"s":{"0":1},"f":{},"b":{},"_coverageSchema":"1a1c01bbd47fc00a2c39e90264f33305004495a9","hash":"ff26f9cf140ce6f4e5173ae1a7b6c7fee7b1b9a4"}
,"C:\\Users\\e040063\\casestudy3\\new_service_provisioning_system\\server\\models\\CustomerService.js": {"path":"C:\\Users\\e040063\\casestudy3\\new_service_provisioning_system\\server\\models\\CustomerService.js","statementMap":{"0":{"start":{"line":6,"column":24},"end":{"line":34,"column":2}},"1":{"start":{"line":36,"column":0},"end":{"line":36,"column":61}},"2":{"start":{"line":37,"column":0},"end":{"line":37,"column":63}},"3":{"start":{"line":39,"column":0},"end":{"line":39,"column":63}},"4":{"start":{"line":40,"column":0},"end":{"line":40,"column":65}}},"fnMap":{},"branchMap":{},"s":{"0":1,"1":1,"2":1,"3":1,"4":1},"f":{},"b":{},"_coverageSchema":"1a1c01bbd47fc00a2c39e90264f33305004495a9","hash":"9c7a2a5c11132981b462b80d31c547cdd4ee91f9"}
,"C:\\Users\\e040063\\casestudy3\\new_service_provisioning_system\\server\\models\\Plan.js": {"path":"C:\\Users\\e040063\\casestudy3\\new_service_provisioning_system\\server\\models\\Plan.js","statementMap":{"0":{"start":{"line":5,"column":13},"end":{"line":14,"column":2}},"1":{"start":{"line":17,"column":0},"end":{"line":17,"column":52}},"2":{"start":{"line":18,"column":0},"end":{"line":18,"column":54}}},"fnMap":{},"branchMap":{},"s":{"0":1,"1":1,"2":1},"f":{},"b":{},"_coverageSchema":"1a1c01bbd47fc00a2c39e90264f33305004495a9","hash":"4148c1781b524443f605da5201f30431eece3fe6"}
,"C:\\Users\\e040063\\casestudy3\\new_service_provisioning_system\\server\\models\\Service.js": {"path":"C:\\Users\\e040063\\casestudy3\\new_service_provisioning_system\\server\\models\\Service.js","statementMap":{"0":{"start":{"line":4,"column":16},"end":{"line":11,"column":2}}},"fnMap":{},"branchMap":{},"s":{"0":1},"f":{},"b":{},"_coverageSchema":"1a1c01bbd47fc00a2c39e90264f33305004495a9","hash":"67b9f45ce349d79b828b65dcafaa78e7fc0223d6"}
,"C:\\Users\\e040063\\casestudy3\\new_service_provisioning_system\\server\\models\\User.js": {"path":"C:\\Users\\e040063\\casestudy3\\new_service_provisioning_system\\server\\models\\User.js","statementMap":{"0":{"start":{"line":4,"column":13},"end":{"line":25,"column":2}}},"fnMap":{},"branchMap":{},"s":{"0":1},"f":{},"b":{},"_coverageSchema":"1a1c01bbd47fc00a2c39e90264f33305004495a9","hash":"add85d15145a04768bccba8b381b5cdfcaa6f858"}
,"C:\\Users\\e040063\\casestudy3\\new_service_provisioning_system\\server\\models\\index.js": {"path":"C:\\Users\\e040063\\casestudy3\\new_service_provisioning_system\\server\\models\\index.js","statementMap":{"0":{"start":{"line":9,"column":0},"end":{"line":9,"column":85}},"1":{"start":{"line":10,"column":0},"end":{"line":10,"column":84}}},"fnMap":{},"branchMap":{},"s":{"0":1,"1":1},"f":{},"b":{},"_coverageSchema":"1a1c01bbd47fc00a2c39e90264f33305004495a9","hash":"af891c6389741bfc8c3f5d72324740be4a4ba037"}
}
